[debug] [2023-02-09T17:07:01.587Z] ----------------------------------------------------------------------
[debug] [2023-02-09T17:07:01.588Z] Command:       C:\Program Files\nodejs\node.exe C:\Users\rusha\AppData\Roaming\npm\node_modules\firebase-tools\lib\bin\firebase.js init
[debug] [2023-02-09T17:07:01.589Z] CLI Version:   11.22.0
[debug] [2023-02-09T17:07:01.589Z] Platform:      win32
[debug] [2023-02-09T17:07:01.589Z] Node Version:  v16.15.1
[debug] [2023-02-09T17:07:01.590Z] Time:          Thu Feb 09 2023 22:37:01 GMT+0530 (India Standard Time)
[debug] [2023-02-09T17:07:01.590Z] ----------------------------------------------------------------------
[debug] 
[debug] [2023-02-09T17:07:01.596Z] > command requires scopes: ["email","openid","https://www.googleapis.com/auth/cloudplatformprojects.readonly","https://www.googleapis.com/auth/firebase","https://www.googleapis.com/auth/cloud-platform"]
[debug] [2023-02-09T17:07:01.596Z] > authorizing via signed-in user (rushabhgala09@gmail.com)
[info] 
     ######## #### ########  ######## ########     ###     ######  ########
     ##        ##  ##     ## ##       ##     ##  ##   ##  ##       ##
     ######    ##  ########  ######   ########  #########  ######  ######
     ##        ##  ##    ##  ##       ##     ## ##     ##       ## ##
     ##       #### ##     ## ######## ########  ##     ##  ######  ########

You're about to initialize a Firebase project in this directory:

  C:\Users\rusha\Reactjs\product_landing_page

[info] 
=== Project Setup
[info] 
[info] First, let's associate this project directory with a Firebase project.
[info] You can create multiple project aliases by running firebase use --add, 
[info] but for now we'll just set up a default project.
[info] 
[debug] [2023-02-09T17:07:38.858Z] > refreshing access token with scopes: []
[debug] [2023-02-09T17:07:38.860Z] >>> [apiv2][query] POST https://www.googleapis.com/oauth2/v3/token [none]
[debug] [2023-02-09T17:07:38.860Z] >>> [apiv2][body] POST https://www.googleapis.com/oauth2/v3/token [omitted]
[debug] [2023-02-09T17:07:39.258Z] <<< [apiv2][status] POST https://www.googleapis.com/oauth2/v3/token 200
[debug] [2023-02-09T17:07:39.258Z] <<< [apiv2][body] POST https://www.googleapis.com/oauth2/v3/token [omitted]
[debug] [2023-02-09T17:07:39.266Z] >>> [apiv2][query] GET https://firebase.googleapis.com/v1beta1/projects pageSize=100
[debug] [2023-02-09T17:07:40.065Z] <<< [apiv2][status] GET https://firebase.googleapis.com/v1beta1/projects 200
[debug] [2023-02-09T17:07:40.065Z] <<< [apiv2][body] GET https://firebase.googleapis.com/v1beta1/projects [omitted]
[info] i  Using project landingpage-ce19e (LandingPage) 
[info] 
=== Hosting Setup
[info] 
[info] Your public directory is the folder (relative to your project directory) that
[info] will contain Hosting assets to be uploaded with firebase deploy. If you
[info] have a build process for your assets, use your build's output directory.
[info] 
[debug] [2023-02-09T17:09:03.694Z] >>> [apiv2][query] GET https://www.gstatic.com/firebasejs/releases.json [none]
[debug] [2023-02-09T17:09:03.774Z] <<< [apiv2][status] GET https://www.gstatic.com/firebasejs/releases.json 200
[debug] [2023-02-09T17:09:03.774Z] <<< [apiv2][body] GET https://www.gstatic.com/firebasejs/releases.json {"current":{"version":"9.17.1","browserURL":"https://www.gstatic.com/firebasejs/9.17.1/firebase.js","packageURL":"https://www.gstatic.com/firebasejs/9.17.1/firebase.tgz"},"live":{"version":"9.17","browserURL":"https://www.gstatic.com/firebasejs/live/9.17/firebase.js","packageURL":"https://www.gstatic.com/firebasejs/live/9.17/firebase.tgz"},"components":{"analytics":"https://www.gstatic.com/firebasejs/9.17.1/firebase-analytics.js","app":"https://www.gstatic.com/firebasejs/9.17.1/firebase-app.js","app-check":"https://www.gstatic.com/firebasejs/9.17.1/firebase-app-check.js","auth":"https://www.gstatic.com/firebasejs/9.17.1/firebase-auth.js","auth/cordova":"https://www.gstatic.com/firebasejs/9.17.1/firebase-auth/cordova.js","auth/react-native":"https://www.gstatic.com/firebasejs/9.17.1/firebase-auth/react-native.js","functions":"https://www.gstatic.com/firebasejs/9.17.1/firebase-functions.js","firestore":"https://www.gstatic.com/firebasejs/9.17.1/firebase-firestore.js","firestore/lite":"https://www.gstatic.com/firebasejs/9.17.1/firebase-firestore/lite.js","installations":"https://www.gstatic.com/firebasejs/9.17.1/firebase-installations.js","storage":"https://www.gstatic.com/firebasejs/9.17.1/firebase-storage.js","performance":"https://www.gstatic.com/firebasejs/9.17.1/firebase-performance.js","remote-config":"https://www.gstatic.com/firebasejs/9.17.1/firebase-remote-config.js","messaging":"https://www.gstatic.com/firebasejs/9.17.1/firebase-messaging.js","messaging/sw":"https://www.gstatic.com/firebasejs/9.17.1/firebase-messaging/sw.js","database":"https://www.gstatic.com/firebasejs/9.17.1/firebase-database.js","firestore.memory":"https://www.gstatic.com/firebasejs/9.17.1/firebase-firestore.memory.js"}}
[info] i  Skipping write of build/index.html 
[info] 
[info] i  Detected a .git folder at C:\Users\rusha\Reactjs\product_landing_page 
[info] i  Authorizing with GitHub to upload your service account to a GitHub repository's secrets store. 
[info] 
[info] Visit this URL on this device to log in:
[info] https://github.com/login/oauth/authorize?client_id=89cf50f02ac6aaed3484&state=222645962&redirect_uri=http%3A%2F%2Flocalhost%3A9005&scope=read%3Auser%20repo%20public_repo
[info] 
[info] Waiting for authentication...
[debug] [2023-02-09T17:10:19.435Z] >>> [apiv2][query] POST https://github.com/login/oauth/access_token [none]
[debug] [2023-02-09T17:10:19.435Z] >>> [apiv2][body] POST https://github.com/login/oauth/access_token [stream]
[debug] [2023-02-09T17:10:19.833Z] <<< [apiv2][status] POST https://github.com/login/oauth/access_token 200
[debug] [2023-02-09T17:10:19.833Z] <<< [apiv2][body] POST https://github.com/login/oauth/access_token {"access_token":"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","token_type":"bearer","scope":"read:user,repo"}
[debug] [2023-02-09T17:10:19.838Z] >>> [apiv2][query] GET https://api.github.com/user [none]
[debug] [2023-02-09T17:10:20.176Z] <<< [apiv2][status] GET https://api.github.com/user 200
[debug] [2023-02-09T17:10:20.176Z] <<< [apiv2][body] GET https://api.github.com/user {"login":"rushgala27","id":84933381,"node_id":"MDQ6VXNlcjg0OTMzMzgx","avatar_url":"https://avatars.githubusercontent.com/u/84933381?v=4","gravatar_id":"","url":"https://api.github.com/users/rushgala27","html_url":"https://github.com/rushgala27","followers_url":"https://api.github.com/users/rushgala27/followers","following_url":"https://api.github.com/users/rushgala27/following{/other_user}","gists_url":"https://api.github.com/users/rushgala27/gists{/gist_id}","starred_url":"https://api.github.com/users/rushgala27/starred{/owner}{/repo}","subscriptions_url":"https://api.github.com/users/rushgala27/subscriptions","organizations_url":"https://api.github.com/users/rushgala27/orgs","repos_url":"https://api.github.com/users/rushgala27/repos","events_url":"https://api.github.com/users/rushgala27/events{/privacy}","received_events_url":"https://api.github.com/users/rushgala27/received_events","type":"User","site_admin":false,"name":null,"company":null,"blog":"","location":null,"email":null,"hireable":null,"bio":null,"twitter_username":null,"public_repos":11,"public_gists":0,"followers":0,"following":1,"created_at":"2021-05-27T18:48:31Z","updated_at":"2022-12-29T11:01:21Z","private_gists":0,"total_private_repos":1,"owned_private_repos":1,"disk_usage":37875,"collaborators":4,"two_factor_authentication":false,"plan":{"name":"free","space":976562499,"collaborators":0,"private_repos":10000}}
[info] 
[info] +  Success! Logged into GitHub as rushgala27 
[info] 
